cat >history.log 
cat <history.log 
cat <dss
cat <sdfsd
cat <sfd
cat <history.log 
cat <sdf
cat <sdfe
cat <sdfsd
cat <sdfd
cat <dss
cat <sd
cat sfe
cat <sfe
cat sdfs
cat <sdfs
cat <sdsf
cat skfd
cat <skfd
cat dff
cat <dff
cat <df
cat <history.log 
cat <history.log |wc
cat <sdfs
cat <sdf
cat <history.log 
cat <sdfsd
cat <sdff
cat <sdf
cat <sdf
cat <sfd
cat <sfd
cat ,dfsd
cat <dfsd
cat <sdf
cat <history.log |grep"e"|wc
cat <history.log |wc
echo edwe>a
echo edwe>a |wc
cat hsi
cat <hufe
cat <sdfsd
export >dfd| wc
echo sd>aa
echo sd>aa | wc
echo >aa|wc
echo sdsf>aa|wc
echo >sdf
echo >sdf | wc
echo sdfs>a
echo sdfs>a | wc
echo dsf>c
echo dsf>c |wc
echo sdf>d
echo sdf>d |wc
echo sd>a
echo sdfwewe>a
echo sdfwewe>a |wc
echo syujt>a
echo syujt>a |wc
echo syujt>a
echo syujt>a |wc
env | wc -l
export | wc -l
env |wc
echo sdfs>e
echo sdfs>e |wc
echos df>df
echos df>a
echo df>a
echo sdf>a
echo sdf>
echo sdf>2
echo sdf>
echo $?
echo sdf>
echo sd>
echo sd>
echo sd.s
echo sd.s>
echo sd.s><
echo sd.s>|
echo sd.s>s
echo sd.s>s | wc
echo sd>sd
echo sd>sd |wc
cat <<e
cat <<e | cat -n
cat <<e >out
cat out
echo sd>a | ls
echo sd>a
echo sd>a 
echo sd>a
env
env |wc
env |wc
env|wc
env|wc
env>a|wc
echo sd>a
echo sd>a | wc
echo sd>a
echo sd>a |ls
echo sds>a
echo sds>a|ls
echo sd>a
echo sd>a|ls
cat | 
echo sd>a
echo sd>a|wc
echo sd>a
echo sd>a |wc
echo sd>a
echo sd>a |ls
echo sd>a|ls
echo sd>a
echo sd>a | ls
env |wv
env |wc
cat sdfsdfsd
cat <sdfsdfsd
cat <sdfsdf
cat <sdfsdf
cat <sdfsdf
cat <sdfsdf
cat <sdfsdf
cat <sdfsdf
cat <sdfsf
cat <sdsf
cat <sdfs
cat <sdfsdf
cat <sdfsdf
cat <sdfsd
cat <sdfsd
cat <sdfsdf
cat <sdfsdf
cat <dfgdfd
cat <dfgdfd
cat <sfdds
cat <sdd
cat <sdfs
cat <sfsd
cat <sdfsd
cat <sdfsd
cat <sdfs
cat <sfd
cat <sdfs
cat <sdfs
cat <sdsf
cat <sdife
cat <sdfs
cat <sdfsd
cat <sdf
cat <sdfdf
cat <sdf
cat <sdffs
cat <sdfsds
cat <sfdsds
cat <sdfds
cat <sfddfg
cat <sfddfg
cat <sdfdfg
env |wc
env |wc |ls
env |wc |ls |grep "a"
env |wc |ls |grep "a" |wc -l
env |wc |ls |grep "a" |wc -l >aaaaa
echo sdfs>a
echo sdfs>a
cat | cat ls
cat | cat |ls
export |wc
cat <<e
cat <<e >b
export > e | wc
echo sffs>a|wc
export>e|wc
export >a |wc
export >a |wc
cat a
export >a |wc
export>ea|wc
cat ea
echo sds>a|wc
cat a
echo sds>a|wc
cat a
echo sds>a|wc
cat a
echo sds>a
echo sds>a |wc
cat a
export>e|wc
cat ea
export >a
export >a
export>e
export>e
export
export>e
export>e|wc
export>e
cat e
export>e
cat e
export > c |wc
export > c |wc
export>a|wc
export>a|sort
export | sort
export
env
env | sort
env>t|sort
export > aaa|wc
cat|cat|ls
cat<<<end
cat <<< end
cat<<end
cat<<end>bla
cat bla
bla>cat
<bla cat
<bla cat >bla2
cat bla2
<bla3 cat
echo >d>f>g
echo sesefesf>d>f>g
chmod -w f
echo $HOME
echo sdf>a 
echo sdf>a | wc
export>b
export>b |grep "T" |wc
export |grep "T" |wc
cat <asdsa
cat <asdsa
cat <ads
cat <sdwedw
cat <ashdwehd
dsds
cat <dwewe
dwewe
cat dwewe
export >a
cat a
chmod -w a
ls -la
chmod -r a
ls -la
cat a
cat b
cat <b
cat b
cat <sds
cat wdwe
cat <wdwe
cat <<e
w
cat <<e
cat <<e >b
cat b
cat <bas
cat bas
echo sdfsd
echo sdfsd>a
echo sdfsd>a | wc
export | wc
export > b| wc
export > b| cat <b | wc
cat b
export >b
export >b | cat b
cat b
export >b | cat b
export >b | cat <b
export >b
export >b |wc
export >b |cat
export >b |cat <b
export >b
export >b | wc
export >b | cat b
export >b | cat <b
export >b | wc
export >b | cat b
export >b | cat <b
export >b | cat b
export >b | cat <b
export >b | cat b
export >b | cat <b
export >b | cat b
cat <<s | cat -e
cat <<s | cat >b
cat b
cat <<s | cat >b | cat b
export >b | cat b
cat <<s | cat >b | cat b
export >b | cat b
export >b | cat b
export >b | cat b
export >b | cat <b
export >b | cat <b
export >b | cat b
export >b|cat b
export >b|cat b
export >b|cat b
echo sdd>b
echo sdd>b |wc
echo sdd>b |cat <a
cat a
cat a|cat b
cat <a|cat <b
export >b|wc
export >b|cat b
export >b|cat <b
cat b
cat <b
export >b|cat <b
export >b|cat <b
export >b|wc
export >b|cat <b
export >b|cat <b
export >b|cat < b
export > b | cat < b
export > b | cat < b
export > b | cat < b
export > b | cat < b
export > b | cat < b
export > b | cat < b
export > b | cat < b
export > b | cat < b
export > b | cat < b
export > b | cat < b
export > b | cat < b
export > b | cat < b
export > b | cat < b
export > b | cat < b
export > b | cat < b
export > b | cat < b
export > b | cat < b
export > b | cat < b
export > b | cat < b
export > b | cat < b
export > b | cat < b
export > b | cat < b
export > b | cat < b
export > b | cat < b
export > b | cat < b
export > b | cat < b
export > b | cat < b
export > b | cat < b
export > b | cat < b
export > b | cat < b
export > b | cat < b
export > b | cat < b
export > b | cat < b
export > b | cat < b
export
export > b | cat < b
export > b
export > b | wc
export > b | cat < b
export > b | cat < b
export > b | cat < b
export > b | cat < b
export > b | cat < b
export > b | cat < b
export > b | cat < b
export > b | cat < b
export > b | cat < b
export > b | cat < b
export > b | cat < b
export > b | cat < b
export > b | cat < b
export > b | cat < b
export > b | cat < b
export > b | cat < b
export > b | cat < b
export > b | cat < b
export > b | cat < b
export > b | cat < b
export > b | cat < b
export > b | cat < b
export > b | cat < b
export > b | cat < b
export > b | cat < b
export > b | cat < b
export > b | cat < b
export > b | cat < b
export > b | cat < b
export > b | cat < b
export > b | cat < b
export > b | cat < b
export > b | cat < b
export > b | cat < b
export > b | cat < b
export > b | cat < b
export > b | cat < b
export > b | cat < b
export > b | cat < b
export > b | cat < b
export > b | cat < b
export > b | cat < b
export > b | cat < b
export > b | cat < b
export > b | cat < b
export > b | cat < b
export > b | cat < b
export > b | cat < b
export > b | cat < b
export > b | cat < b
export > b | cat < b
export > b | cat < b
export > b | cat < b
export > b | cat < b
export > b | cat < b
export > b | cat < b
export > b | cat < b
export > b | cat < b
export > b | cat < b
export > b | cat < b
export > b | cat < b
export > b | cat < b
export > b | cat < b
export > b | cat < b
export > b | cat < b
export > b | cat < b
export > b | cat < b
export > b | cat < b
export > b | cat < b
export > b | cat < b
export > b | cat < b
export > b | cat < b
export > b | cat < b
export > b | cat < b
export > b | cat < b
export > b | cat < b
export > b | cat < b
export > b | cat < b
export > b | cat < b
export > b | cat < b
export > b | cat < b
export > b | cat < b
export > b | cat < b
export > b | cat < b
export > b | cat < b
export > b | cat < b
export > b | cat < b
export > b | cat < b
export > b | cat < b
export > b | cat < b
export > b | cat < b
export > b | cat < b
export > b | cat < b
export > b | cat < b
export > b | cat < b
export > b | cat < b
export > b | cat < b
export > b | cat < b
export > b | cat < b
export > b | cat < b
export > b | cat < b
export > b | cat < b
export > b | cat < b
export > b | cat < b
export > b | cat < b
export > b | cat < b
export > b | cat < b
export > b | cat < b
export > b | cat < b
export > b | cat < b
export > b | cat < b
export > b | cat < b
export > b | cat < b
export > b | cat < b
export > b | cat < b
export > b | cat < b
export > b | cat < b
export > b | cat < b
export > b | cat < b
export > b | cat < b
export > b | cat < b
export > b | cat < b
export > b | cat < b
export > b | cat < b
export > b | cat < b
export > b | cat < b
export > b | cat < b
export > b | cat < b
export > b | cat < b
export > b | cat < b
export > b | cat < b
export > b | cat < b
export > b | cat < b
export > b | cat < b
export > b | cat < b
export > b | cat < b
export > b | cat < b
export > b | cat < b
export > b | cat < b
export > b | cat < b
export > b | cat < b
export > b | cat < b
export > b | cat < b
export > b | cat < b
export > b | cat < b
export > b | cat < b
export > b | cat < b
export > b | cat < b
export > b | cat < b
export > b | cat < b
export > b | cat < b
export > b | cat < b
export > b | cat < b
export > b | cat < b
export > b | cat < b
export > b | cat < b
export > b | cat < b
export > b | cat < b
export > b | cat < b
export > b | cat < b
export > b | cat < b
export > b | cat < b
export > b | cat < b
export > b | cat < b
export > b | cat < b
export > b | cat < b
export > b | cat < b
export > b | cat < b
export > b | cat < b
export > b | cat < b
export > b | cat < b
export > b | cat < b
export > b | cat < b
export > b | cat < b
export > b | cat < b
export > b | cat < b
export > b | cat < b
export > b | cat < b
export > b | cat < b
echo dfd>a|wc
export >b |cat b
export >b |cat <b
 export >b|cat <b
 export >b|cat <b
 export >b|cat <b
 export >b|cat <b
 export >b|cat <b
export >b
export >b | cat b
export >b | cat <b
export >b | cat <b
export >b | cat <b
export >b | cat <b
export >b|cat <b
export >b|cat <b
echo sdfs>c|wc
echo sdfs>c|wc
export >b|cat <b
export >b|cat <b
export >b
export >b
export >b
export >b | wc
export >b | cat a
export >b | cat a
export >b | cat b
export >b | export >a | cat b
export >b | cat <b
export >b|cat <b
close_all_fds(&pplin
export >b|cat <b
export >b
echo sds>b
echo sds>b | wc
echo sds>b | wc
export >b|cat <b
export >b
export >b |wc
export >b |cat b
export >b|cat <b
echo sds>a
echo sds>b
echo sds>b
echo sdssds>b
echo sds>b
echo sds>b
echo sd>b
echo sddfsas>b
echo sddfsas>b |wc
echo sdfwed>b
echo sdfwed>b | wc
echo sd >b
echo sd >b | wc
echo sd >b
echo sd>b
echo sd>b |wc
echo sds>b
echo sdssd>b
echo sdssd>b | wc
echo sdsff>b
echo sdsff>b | wc
export >b|cat <b
cat | cat |ls
cat | cat | ls
export >b
cat | cat | ls
export >b
export >>b
export >b | cat b
export >b | cat b
export >b | cat <b
cat | cat | ls
cat | cat |ls
echo sdds
echo sdds >b
echo sdds >b | wc
echo sdds >b | wc | ls
echo sdds >b | cat b
echo sdds >b | cat <b
echo sdds >b | cat b
export >b | cat b
export >b | cat b
echo sdds >b | cat b
export >b | cat b
export >b | cat <b
cat | cat |ls
cat b
export >b
cat b
cat <b
cat <b
<b cat
cat <b
cat <b
cat <b
export >b|cat b
export >b|cat <b
export >b
export >b | ls
export >b | cat >c
export >b | cat <c
export >c
export >b | cat <c
export >b | cat <b
export >b | cat <b
export >b | cat <b
export >b | cat <b
export >b | cat <b
export >b | cat <b
export >b | cat <b
export >b | cat <c
export >b | wc
export >b | wc
export >b | cat <c
export >b | cat
export >b | cat <c
cat <c
export >c |cat <c 
export >b |cat <c 
export >c |cat <c 
export >c
export >b
export >b | cat <b
export >c
export >b
export >b | cat <b
export >b | cat <b
export >b | cat <b
export >b | cat <b
echo sfdds
echo sds>b
echo sds>b | cat <c
echo sds>b | cat c
echo sds>b | cat <b
echo sds>b | cat <c
echo sds>b | cat <b
echo sds>b | cat <b
export>b | cat <b
echo sds>b | cat <b
env>b | cat <b
export >b
export >b | cat <b
env >b | cat <b
env >b | cat <b
echo sds >b | cat <b
echo sdssdsdsd >b | cat <b
export >b | cat <b
cat <<e
cat <<e >a
cat a
cat | cat | wc
cat | cat | ls
export > b
export > b
export > b | cat b
env >b|cat <b
export >b|cat <b
export
export >b|cat < b
export >b|cat < b
export >b|cat < b
export >b|cat < b
export >b|cat <b
env >b | cat <b
cat | cat | ls
cat <<e
cat <<e > b
cat b
export 
export | wc
echo cs|wc
export
export >b
env | wc
env
export var=sfsd
env
export
export >b
export >b | cat <b
env >b|cat b
export | wc
export > b
env > b
echo >b
env | wc
export | wc
export
export | wc
export >b| wc
export >b| cat <b
env >b| cat <b
echo dfsd >b| cat <b
echo hello
export
echo hello
export
env
echo helo; |
echo $?
cd $HOME/Document
echo $HOME
ls
cat | cat | ls
env >b
env >b | ls
env >b | wc
env >b | cat <b
env >b | cat <b | wc
env >b | cat <b | grep "V"| wc
env >b | cat <b | grep "V"| wc -l
cat <<e
<<e
echo $?
cat | cat | ls
echo $?
echos $?
echos $?
echo $?
ct <sd
echo $?
cat <sdfsd
cat <dfgdfgd
cat <sdfsd
ct <sdds
cat <erwed
ct <b
cat <b
cat <b
cat <b
cat <b
cat <v
cat <b
cat <b
cat <v
ct <b
ct <v
cat | cat | ls
echo sdfsd
echo sdf
echo sd
cat
echo sdfs
echo sdfsdf
echo sdfsdf >b
cat b
echo sfsd>b
cat b
cat b | wc
cat <b | wc
echo sdfsd
ls
echo sdfsd>b
cat b
echo sdfsdfsd>b
cat b
cat b | wc
cat b | wc | ls
cat b
cat <<e
cat <<e | wc
cat <<e | wc | cat > c | cat <c
cat > c | cat <c
echo sdfsd
echo sdfsd
echo sdf
echo sdf > b
cat b
echo sds
echo sdfs
echo sdsd
echo sdsd | wc
echo sdsd | wc > b
echo sdsd | wc > b|cat <b
cat <<e
cat <<e >b
cat b
cat <<e >b | cat <b
cat b
cat <<e >b | cat b
cat <<e >b
cat b
cat <<e >b | cat <b
cat | cat | ls
echo sdfsds>b | cat <b
echo sdfsds>b
cat b
cat <b
echo sdfsds>b | cat <b
cat dsfef>b | cat b
cat dsfef>b | cat <b
env >b | cat <b
cat dsfef>b | cat <b
cat | cat | ls
cat <sodjfs
cat <b
env >b | cat <b
env >b | wc| cat <b
env>b | cat <b
pwd
env >b |cat <b
env >b |cat b
env >b |cat b | wc -l
env >b |cat <b | wc -l
echo $PATH | wc | cat <b
echo $PATH | wc 
echo $PATH | wc | cat <b
env >b
echo sdfs>b
env >b
env >b | cat <b
env >b | cat <b | wc
env >b | cat <b | grep "F"|wc
env >b | cat <b | grep "F"|wc
cat <<e
cat <<e >b
cat <<e
cat <<e | cat >b
cat <<e >b
cat <<e >c
ls -la
cat <<e >b
cat <<e >b | cat <b
cat <<e >c | cat <c
cat <<e >b | cat <b
cat <<e > b
cat <<e > b | cat <b
cat <<e > b | cat <b
cat <<e > c|cat <c
cat <<e > c|cat <c
cat <<e > b|cat <b
echo sdsd|wc
cat <<e > b|cat <b
cat <<e >b | cat <b
cat b
cat <b
cat <b | wc
cat<<e  >b | wc
cat<<e  >c | cat<c| wc
cat<<e  >b | cat<b| wc
env | wc
export >v | cat <v
export >v | cat <b
export >v | cat <v
env >v | cat <v
cat<<e  >c | cat<c| wc
cat<<e  >b | cat<b| wc
export >b | cat <b
export >b | cat<b 
export >c | cat<c 
export <b | cat >b
cat b
export >b | cat <b
export >b|cat <b
cat b
export >c|cat <b
export >c|cat <c
export >c|cat <b
export >c|cat <c
cat <<e >b |cat <b
cat <<e >b |cat <b
export >b | cat <b | wc
export >b | cat <c | wc
echo "$HOME"
echo "$HOMEds"
echo ""$HOME""
echo "'$HOME'"
echo "'$HOME'"
echo "'$HOME'"
if (curr->id == TOK_S_QUOTE)
		{
			printf("ok\n");
			s_trimmed = ft_strtrim(curr->content, "\'");
			my_free(curr->content);
			curr->content = s_trimmed;
			my_free(s_trimmed);
			curr->id = TOK_S_QUOTE;
		}
echo "'$HOME'"
echo "'$HOME'"
echo "$HOME"
echo ""$HOME""
echo '""$HOME""'
echo '""$HOME""'
echo '""$HOME""'
echo '""$HOME""'
pected end of file
bash-3.2$ 
echo "$H'OME"
echo "$H"
'$HOME'
echo '$HOME'
echo "$HOME"
echo 'sdds'
echo '$HOME'
echo '$HOME'
echo "'$HOME'"
echo '$HOME'
echo "$HOME"
echo '$HOME'
echo '$HOME'
echo '$HOME'
echo "'$HOME'"
echo '"$HOME"'
echo "'"$HOME"'"
echo "'$HOME'"
echo "'"$HOME"'"
echo "'$HOME'"
echo "'$HOME'"
echo "'$$HOME'"
echo $$HOME
echo $
echo "$$HOME"
echo '$$HOME'
echo $HOME$HOME$LESS
echo "'$HOME'"
echo "'$HOME'$PATH"
echo "'$HOME'$PATH
echo "hcdsch
echo 'hcdsch
echo "sds
echo "sds
|
||
<<<
<<<>>
>>>
>>
echo cuwco>>>>
echo cuwco>>>> dwwe
echo cuwco>>>> |
echo sdjfs
echo sdjfs"
echo sdjfs'
echo sdjfs'"'
echo sdjfs'"'"
echo s>
echo s>>
echo s>>>
echo s>>> |
echo >>> |
echo >>>|
echo >>>
echo >>>
echo >>>|
echo >>>
echo <<<<
echo >>>
echo >>> |
echo > |
echo > wde|
echo > wde
echo edfwe> wde
echo edfwe>>wde
>>>
>>> |
echo >>>
echo >>>
echo >>>>
echo >>>>>>>
echo <<<<<
echo <<<<<>>>
echo <<<<<>>> |
echo >>>
echo >>> |
|
>>>|
echo >>
>>
<<
cat <<
cat <<
echo >>
echo >>|
>>>
....
<<<
<<<|
|
||||
||
|>
echo $?
||
echo $?
<<<
echo $?
echo "$HOME"
echo "$HOME"
echo ""$HOME""
echo "'$HOME'"
echo >>>>
|
echo "dsfsd
cat | cat |ls
echo dss
echo dss>b
cat b
export
echo salut | ls | cat <gjdgs
echo "sds'
cat <<e cat >b
|||
>>|
echo "$HOME"
echo "'$HOME'"
echo "'$HOME'" | wc
./minishell
./minishell
./minishell
cat <b
cat <b | wc
cat <b | wc |ls
cat <b | wc |ls | cat >b|cat <b
echo dsad
echo dsad$HOME
echo dsad$HOME | wc -l
echo dsad$HOME"
echo adsas
echo adsas>b
echo adsas>b|cat b
echo adsas>b|cat <b
env >b | cat <b | wc
env >b | cat <b | wc | ls
./minishell
echo asda
echo "asda"
echo "$asda"
echo $asda
cat | cat | ls
cat | cat | ls
echo sds$jsdfs
cat <<s >b | cat <b
sa
cat <<s >b | cat <b
cat dsfd
cat <dsfd
cat <b
cat <history.log 
cat <history.log | wc
|
>>>>
cat|ls
./minishell
./minishell
cat | cat|ls|echo asdsa
cat <<e >b|cat <b
env
./minishell
env
export var
env
export
unset var
export
env
env | wc
export var=dbfwe
export var=dbfwe sd
export
export var=dbfwe sd
env
cat | cat | ls
echo sdfs>b
echo sdfs>b|cat <b
echo sdfs>b|cat <b|export
echo sdfs>b|cat <b|export | wc
cat <<e >b | cat <b
cat <<e >b | cat <c
cat | cat | ls
echo asd
echo asd>b
echo asd>b | wc
cat | cat \LS
ECHO DSASDA
echo asa| env
echo asa| env | wc
echo asa| env | wc |cat >b
echo asa| env | wc |cat >b | cat <b
cat | cat | ls
echo asad
echo $asad
echo $?
echo $
export >b
export >b|cat <c
export >b|cat <c | wc
cat sdfs
cat ,b
cat <b
cat <b |wc
|
echo ada
echo $HOME
echo sds
echo asda>b
\
|
cat nfwe
cat nfwe |ls
cat <<e
cat <<e|wc
echo dsfs>b
echo dsfs>b |cat <b
echo dsfs>b |cat <b |wc
cat <<e >b
cat <<e >b | cat <c
cat sdksld>b
cat <<e
cat <<e >b |cat <c |wc
cat | cat | ls
cat | cat |ls
echo sdkks
echo sdkks| wc
env
env>b | cat <b |wc
echo asda>b
echo asda>b | cat <b
env | wc
env | wc |ls
cat <<e >B | CAT <B
echo sdfdas>b
cat <b
cat | cat | ls
ls | wc
|
cat <b
cat <c | wc
cat | cat \ls
cat | cat |ls
echo $HOME
echo "$HOME"
cat <<e
cat <<e>b | cat <c
cat <<e
cat | cat | ls
cat | cat | ls | wc
export
export var
cat | cat | ls
echo sdlsja
echo sdlsja$HOME
env
env | sort | grep "F" | wc
env | sort | grep "F" | wc > b| cat <b
env | sort | grep "F" | wc > b| cat <c
env | sort | grep "F" | wc > c| cat <b
cat | cat | cat | ls
env >b | cat b
export >b | cat b
echo sdfs>b
cat b
cat <b | wc
cat <<e
cat <<e >b | cat <c | wc
cat c
export
export >b | env | wc
cat <b
cat <b | grep "V" |wc 
cat <b | grep "V" |wc | ls
cat <c
cat <<e >b | cat <c | export 
cat <<e >b | cat <c | export >b | ls | wc
cat <<e >b | cat <c | env >b | ls | wc
cat <<e >b | cat <c | env >b | ls | wc
cat <<e >b | cat <c | env >b | ls | wc
cat <<e >b | cat <c | env >b | ls | wc
cat <<e >b | cat <c | env >b | ls | wc
cat <<e >b | cat <c | env >b | ls | wc
norminette
cat <<e >b | cat <c | env >b | ls | wc
echo sdsd
echo sdsd$HOME
echo sdsd$HOME"$HOME"
echo sdsd$HOME"$HOME" | env >b|cat <b
cat <<e >b | cat <c | env >b | ls | wc
export>b |grep "T" |wc
echo '""$HOME""'
echo "'$HOME'"
echo "'$HOME'$PATH"
echo <<<<<>>> |
echos dsd>a>b>c>d
echo dsd>a>b>c>d
cat a
cat b
cat c
cat d
echos dsd>a>b>c>d
echos dsd>a>b>c>d
cat d
echo dsd>a>b>c>d
cat d
cat <d
echo "'$HOME'$PATH"
echo "'$HOME'"
echo "'$HOME'$PATH"
echo "'$HOME'"
echo "'$HOME'"
echo '$HOME'
echo '$HOME'
echo "'$HOME'"
echo "'$HOME'"
echo "'$HOME'"
echo "'$HOME'$PATH"
echo '""$HOME""'
cat <<e >b | cat <c | env >b | ls | wc
cat <<e >b | cat <c | env >b | ls | wc
echo "'$HOME'"
echo "'$HOME'$PATH"
echo "'$HOME'$PATH"
cat <<e >b | cat <c | env >b | ls | wc
env >b | cat <b | wc | ls
"'$HOME'"
cat "'$HOME'"
echo "'$HOME'"
echo "'$HOME'$PATH"
cat <<e >b | cat <c | env >b | ls | wc
env | sort | grep "F" | wc > c| cat <b
cat | cat | ls
echos dsd>a>b>c>d
echo dsd>a>b>c>d
cat d
cat a
cat b
cat <<e >b | cat <c | env >b | ls | wc
echo "'$HOME'$PATH"
echo "'$HOME'$PATH"
echo "'$HOME'$PATH"
echo "'$HOME'"
cho '""$HOME""'
echo '""$HOME""'
e"cho" $HOME
e'cho' $HOME
e'c'"ho" $HOME
e'c' "ho" $HOME
